app/build/intermediates/manifest_merge_blame_file/debug/processDebugMainManifest/manifest-merger-blame-debug-report.txt
1<?xml version="1.0" encoding="utf-8"?>
2<manifest xmlns:android="http://schemas.android.com/apk/res/android"
3    package="cont.role"
4    android:versionCode="1"
5    android:versionName="1.0" >
6
7    <uses-sdk
8        android:minSdkVersion="26"
9        android:targetSdkVersion="34" />
10
11    <uses-permission android:name="android.permission.INTERNET" />
11-->src\main\AndroidManifest.xml:4:5-67
11-->src\main\AndroidManifest.xml:4:22-64
12    <uses-permission android:name="android.permission.ACCESS_FINE_LOCATION" />
12-->src\main\AndroidManifest.xml:5:5-79
12-->src\main\AndroidManifest.xml:5:22-76
13    <uses-permission android:name="android.permission.ACCESS_COARSE_LOCATION" />
13-->src\main\AndroidManifest.xml:6:5-81
13-->src\main\AndroidManifest.xml:6:22-78
14    <uses-permission android:name="android.permission.ACCESS_BACKGROUND_LOCATION" />
14-->src\main\AndroidManifest.xml:7:5-85
14-->src\main\AndroidManifest.xml:7:22-82
15    <uses-permission android:name="android.permission.FOREGROUND_SERVICE" />
15-->src\main\AndroidManifest.xml:8:5-77
15-->src\main\AndroidManifest.xml:8:22-74
16    <uses-permission android:name="android.permission.FOREGROUND_SERVICE_LOCATION" />
16-->src\main\AndroidManifest.xml:9:5-86
16-->src\main\AndroidManifest.xml:9:22-83
17    <uses-permission android:name="android.permission.POST_NOTIFICATIONS" />
17-->src\main\AndroidManifest.xml:10:5-77
17-->src\main\AndroidManifest.xml:10:22-74
18    <uses-permission android:name="android.permission.PACKAGE_USAGE_STATS" />
18-->src\main\AndroidManifest.xml:11:5-12:94
18-->src\main\AndroidManifest.xml:11:22-75
19    <!-- Include required permissions for Google Maps API to run. -->
20    <uses-permission android:name="android.permission.ACCESS_NETWORK_STATE" />
20-->[com.google.android.gms:play-services-maps:19.0.0] AndroidManifest.xml:23:5-79
20-->[com.google.android.gms:play-services-maps:19.0.0] AndroidManifest.xml:23:22-76
21
22    <uses-feature
22-->[com.google.android.gms:play-services-maps:19.0.0] AndroidManifest.xml:26:5-28:35
23        android:glEsVersion="0x00020000"
23-->[com.google.android.gms:play-services-maps:19.0.0] AndroidManifest.xml:27:9-41
24        android:required="true" />
24-->[com.google.android.gms:play-services-maps:19.0.0] AndroidManifest.xml:28:9-32
25
26    <queries>
26-->[com.google.android.gms:play-services-maps:19.0.0] AndroidManifest.xml:30:5-34:15
27
28        <!-- Needs to be explicitly declared on Android R+ -->
29        <package android:name="com.google.android.apps.maps" />
29-->[com.google.android.gms:play-services-maps:19.0.0] AndroidManifest.xml:33:9-64
29-->[com.google.android.gms:play-services-maps:19.0.0] AndroidManifest.xml:33:18-61
30    </queries>
31
32    <uses-permission android:name="com.google.android.providers.gsf.permission.READ_GSERVICES" />
32-->[com.google.android.recaptcha:recaptcha:18.4.0] AndroidManifest.xml:9:5-98
32-->[com.google.android.recaptcha:recaptcha:18.4.0] AndroidManifest.xml:9:22-95
33
34    <permission
34-->[androidx.core:core:1.13.1] AndroidManifest.xml:22:5-24:47
35        android:name="cont.role.DYNAMIC_RECEIVER_NOT_EXPORTED_PERMISSION"
35-->[androidx.core:core:1.13.1] AndroidManifest.xml:23:9-81
36        android:protectionLevel="signature" />
36-->[androidx.core:core:1.13.1] AndroidManifest.xml:24:9-44
37
38    <uses-permission android:name="cont.role.DYNAMIC_RECEIVER_NOT_EXPORTED_PERMISSION" />
38-->[androidx.core:core:1.13.1] AndroidManifest.xml:26:5-97
38-->[androidx.core:core:1.13.1] AndroidManifest.xml:26:22-94
39
40    <application
40-->src\main\AndroidManifest.xml:14:5-55:19
41        android:allowBackup="true"
41-->src\main\AndroidManifest.xml:15:9-35
42        android:appComponentFactory="androidx.core.app.CoreComponentFactory"
42-->[androidx.core:core:1.13.1] AndroidManifest.xml:28:18-86
43        android:debuggable="true"
44        android:extractNativeLibs="false"
45        android:icon="@android:drawable/sym_def_app_icon"
45-->src\main\AndroidManifest.xml:16:9-58
46        android:label="@string/app_name"
46-->src\main\AndroidManifest.xml:17:9-41
47        android:theme="@style/Theme.ParentalControl" >
47-->src\main\AndroidManifest.xml:18:9-53
48
49        <!-- Écran de démarrage : choix du rôle (Parent / Enfant) -->
50        <activity
50-->src\main\AndroidManifest.xml:21:9-28:20
51            android:name="cont.role.MainActivity"
51-->src\main\AndroidManifest.xml:22:13-41
52            android:exported="true" >
52-->src\main\AndroidManifest.xml:23:13-36
53            <intent-filter>
53-->src\main\AndroidManifest.xml:24:13-27:29
54                <action android:name="android.intent.action.MAIN" />
54-->src\main\AndroidManifest.xml:25:17-69
54-->src\main\AndroidManifest.xml:25:25-66
55
56                <category android:name="android.intent.category.LAUNCHER" />
56-->src\main\AndroidManifest.xml:26:17-77
56-->src\main\AndroidManifest.xml:26:27-74
57            </intent-filter>
58        </activity>
59        <activity
59-->src\main\AndroidManifest.xml:30:9-77
60            android:name="cont.role.ParentActivity"
60-->src\main\AndroidManifest.xml:30:19-49
61            android:exported="false" />
61-->src\main\AndroidManifest.xml:30:50-74
62        <activity
62-->src\main\AndroidManifest.xml:31:9-76
63            android:name="cont.role.ChildActivity"
63-->src\main\AndroidManifest.xml:31:19-48
64            android:exported="false" />
64-->src\main\AndroidManifest.xml:31:49-73
65        <activity
65-->src\main\AndroidManifest.xml:32:9-89
66            android:name="cont.role.AppBlockerSettingsActivity"
66-->src\main\AndroidManifest.xml:32:19-61
67            android:exported="false" />
67-->src\main\AndroidManifest.xml:32:62-86
68
69        <!--
70             Service de localisation : TOUJOURS affiché avec une notification permanente,
71             conformément à l'exigence de transparence (l'enfant sait que le suivi est actif)
72        -->
73        <service
73-->src\main\AndroidManifest.xml:36:9-39:40
74            android:name="cont.role.LocationTrackingService"
74-->src\main\AndroidManifest.xml:37:13-52
75            android:exported="false"
75-->src\main\AndroidManifest.xml:39:13-37
76            android:foregroundServiceType="location" />
76-->src\main\AndroidManifest.xml:38:13-53
77
78        <!--
79             Service d'accessibilité utilisé UNIQUEMENT pour bloquer les apps
80             configurées par le parent (aucune lecture de contenu, aucune simulation de clics)
81        -->
82        <service
82-->src\main\AndroidManifest.xml:43:9-53:19
83            android:name="cont.role.AppBlockerAccessibilityService"
83-->src\main\AndroidManifest.xml:44:13-59
84            android:exported="false"
84-->src\main\AndroidManifest.xml:45:13-37
85            android:permission="android.permission.BIND_ACCESSIBILITY_SERVICE" >
85-->src\main\AndroidManifest.xml:46:13-79
86            <intent-filter>
86-->src\main\AndroidManifest.xml:47:13-49:29
87                <action android:name="android.accessibilityservice.AccessibilityService" />
87-->src\main\AndroidManifest.xml:48:17-92
87-->src\main\AndroidManifest.xml:48:25-89
88            </intent-filter>
89
90            <meta-data
90-->src\main\AndroidManifest.xml:50:13-52:72
91                android:name="android.accessibilityservice"
91-->src\main\AndroidManifest.xml:51:17-60
92                android:resource="@xml/accessibility_service_config" />
92-->src\main\AndroidManifest.xml:52:17-69
93        </service>
94
95        <provider
95-->[androidx.emoji2:emoji2:1.2.0] AndroidManifest.xml:24:9-32:20
96            android:name="androidx.startup.InitializationProvider"
96-->[androidx.emoji2:emoji2:1.2.0] AndroidManifest.xml:25:13-67
97            android:authorities="cont.role.androidx-startup"
97-->[androidx.emoji2:emoji2:1.2.0] AndroidManifest.xml:26:13-68
98            android:exported="false" >
98-->[androidx.emoji2:emoji2:1.2.0] AndroidManifest.xml:27:13-37
99            <meta-data
99-->[androidx.emoji2:emoji2:1.2.0] AndroidManifest.xml:29:13-31:52
100                android:name="androidx.emoji2.text.EmojiCompatInitializer"
100-->[androidx.emoji2:emoji2:1.2.0] AndroidManifest.xml:30:17-75
101                android:value="androidx.startup" />
101-->[androidx.emoji2:emoji2:1.2.0] AndroidManifest.xml:31:17-49
102            <meta-data
102-->[androidx.lifecycle:lifecycle-process:2.6.2] AndroidManifest.xml:29:13-31:52
103                android:name="androidx.lifecycle.ProcessLifecycleInitializer"
103-->[androidx.lifecycle:lifecycle-process:2.6.2] AndroidManifest.xml:30:17-78
104                android:value="androidx.startup" />
104-->[androidx.lifecycle:lifecycle-process:2.6.2] AndroidManifest.xml:31:17-49
105            <meta-data
105-->[androidx.profileinstaller:profileinstaller:1.3.0] AndroidManifest.xml:29:13-31:52
106                android:name="androidx.profileinstaller.ProfileInstallerInitializer"
106-->[androidx.profileinstaller:profileinstaller:1.3.0] AndroidManifest.xml:30:17-85
107                android:value="androidx.startup" />
107-->[androidx.profileinstaller:profileinstaller:1.3.0] AndroidManifest.xml:31:17-49
108        </provider> <!-- Needs to be explicitly declared on P+ -->
109        <uses-library
109-->[com.google.android.gms:play-services-maps:19.0.0] AndroidManifest.xml:39:9-41:40
110            android:name="org.apache.http.legacy"
110-->[com.google.android.gms:play-services-maps:19.0.0] AndroidManifest.xml:40:13-50
111            android:required="false" />
111-->[com.google.android.gms:play-services-maps:19.0.0] AndroidManifest.xml:41:13-37
112
113        <activity
113-->[com.google.firebase:firebase-auth:23.0.0] AndroidManifest.xml:29:9-46:20
114            android:name="com.google.firebase.auth.internal.GenericIdpActivity"
114-->[com.google.firebase:firebase-auth:23.0.0] AndroidManifest.xml:30:13-80
115            android:excludeFromRecents="true"
115-->[com.google.firebase:firebase-auth:23.0.0] AndroidManifest.xml:31:13-46
116            android:exported="true"
116-->[com.google.firebase:firebase-auth:23.0.0] AndroidManifest.xml:32:13-36
117            android:launchMode="singleTask"
117-->[com.google.firebase:firebase-auth:23.0.0] AndroidManifest.xml:33:13-44
118            android:theme="@android:style/Theme.Translucent.NoTitleBar" >
118-->[com.google.firebase:firebase-auth:23.0.0] AndroidManifest.xml:34:13-72
119            <intent-filter>
119-->[com.google.firebase:firebase-auth:23.0.0] AndroidManifest.xml:35:13-45:29
120                <action android:name="android.intent.action.VIEW" />
120-->[com.google.firebase:firebase-auth:23.0.0] AndroidManifest.xml:36:17-69
120-->[com.google.firebase:firebase-auth:23.0.0] AndroidManifest.xml:36:25-66
121
122                <category android:name="android.intent.category.DEFAULT" />
122-->[com.google.firebase:firebase-auth:23.0.0] AndroidManifest.xml:38:17-76
122-->[com.google.firebase:firebase-auth:23.0.0] AndroidManifest.xml:38:27-73
123                <category android:name="android.intent.category.BROWSABLE" />
123-->[com.google.firebase:firebase-auth:23.0.0] AndroidManifest.xml:39:17-78
123-->[com.google.firebase:firebase-auth:23.0.0] AndroidManifest.xml:39:27-75
124
125                <data
125-->[com.google.firebase:firebase-auth:23.0.0] AndroidManifest.xml:41:17-44:51
126                    android:host="firebase.auth"
126-->[com.google.firebase:firebase-auth:23.0.0] AndroidManifest.xml:42:21-49
127                    android:path="/"
127-->[com.google.firebase:firebase-auth:23.0.0] AndroidManifest.xml:43:21-37
128                    android:scheme="genericidp" />
128-->[com.google.firebase:firebase-auth:23.0.0] AndroidManifest.xml:44:21-48
129            </intent-filter>
130        </activity>
131        <activity
131-->[com.google.firebase:firebase-auth:23.0.0] AndroidManifest.xml:47:9-64:20
132            android:name="com.google.firebase.auth.internal.RecaptchaActivity"
132-->[com.google.firebase:firebase-auth:23.0.0] AndroidManifest.xml:48:13-79
133            android:excludeFromRecents="true"
133-->[com.google.firebase:firebase-auth:23.0.0] AndroidManifest.xml:49:13-46
134            android:exported="true"
134-->[com.google.firebase:firebase-auth:23.0.0] AndroidManifest.xml:50:13-36
135            android:launchMode="singleTask"
135-->[com.google.firebase:firebase-auth:23.0.0] AndroidManifest.xml:51:13-44
136            android:theme="@android:style/Theme.Translucent.NoTitleBar" >
136-->[com.google.firebase:firebase-auth:23.0.0] AndroidManifest.xml:52:13-72
137            <intent-filter>
137-->[com.google.firebase:firebase-auth:23.0.0] AndroidManifest.xml:53:13-63:29
138                <action android:name="android.intent.action.VIEW" />
138-->[com.google.firebase:firebase-auth:23.0.0] AndroidManifest.xml:36:17-69
138-->[com.google.firebase:firebase-auth:23.0.0] AndroidManifest.xml:36:25-66
139
140                <category android:name="android.intent.category.DEFAULT" />
140-->[com.google.firebase:firebase-auth:23.0.0] AndroidManifest.xml:38:17-76
140-->[com.google.firebase:firebase-auth:23.0.0] AndroidManifest.xml:38:27-73
141                <category android:name="android.intent.category.BROWSABLE" />
141-->[com.google.firebase:firebase-auth:23.0.0] AndroidManifest.xml:39:17-78
141-->[com.google.firebase:firebase-auth:23.0.0] AndroidManifest.xml:39:27-75
142
143                <data
143-->[com.google.firebase:firebase-auth:23.0.0] AndroidManifest.xml:41:17-44:51
144                    android:host="firebase.auth"
144-->[com.google.firebase:firebase-auth:23.0.0] AndroidManifest.xml:42:21-49
145                    android:path="/"
145-->[com.google.firebase:firebase-auth:23.0.0] AndroidManifest.xml:43:21-37
146                    android:scheme="recaptcha" />
146-->[com.google.firebase:firebase-auth:23.0.0] AndroidManifest.xml:44:21-48
147            </intent-filter>
148        </activity>
149
150        <service
150-->[com.google.firebase:firebase-auth:23.0.0] AndroidManifest.xml:66:9-72:19
151            android:name="com.google.firebase.components.ComponentDiscoveryService"
151-->[com.google.firebase:firebase-auth:23.0.0] AndroidManifest.xml:67:13-84
152            android:directBootAware="true"
152-->[com.google.firebase:firebase-common:21.0.0] AndroidManifest.xml:32:13-43
153            android:exported="false" >
153-->[com.google.firebase:firebase-auth:23.0.0] AndroidManifest.xml:68:13-37
154            <meta-data
154-->[com.google.firebase:firebase-auth:23.0.0] AndroidManifest.xml:69:13-71:85
155                android:name="com.google.firebase.components:com.google.firebase.auth.FirebaseAuthRegistrar"
155-->[com.google.firebase:firebase-auth:23.0.0] AndroidManifest.xml:70:17-109
156                android:value="com.google.firebase.components.ComponentRegistrar" />
156-->[com.google.firebase:firebase-auth:23.0.0] AndroidManifest.xml:71:17-82
157            <meta-data
157-->[com.google.firebase:firebase-database:21.0.0] AndroidManifest.xml:29:13-31:85
158                android:name="com.google.firebase.components:com.google.firebase.database.FirebaseDatabaseKtxRegistrar"
158-->[com.google.firebase:firebase-database:21.0.0] AndroidManifest.xml:30:17-120
159                android:value="com.google.firebase.components.ComponentRegistrar" />
159-->[com.google.firebase:firebase-database:21.0.0] AndroidManifest.xml:31:17-82
160            <meta-data
160-->[com.google.firebase:firebase-database:21.0.0] AndroidManifest.xml:32:13-34:85
161                android:name="com.google.firebase.components:com.google.firebase.database.DatabaseRegistrar"
161-->[com.google.firebase:firebase-database:21.0.0] AndroidManifest.xml:33:17-109
162                android:value="com.google.firebase.components.ComponentRegistrar" />
162-->[com.google.firebase:firebase-database:21.0.0] AndroidManifest.xml:34:17-82
163            <meta-data
163-->[com.google.firebase:firebase-common-ktx:21.0.0] AndroidManifest.xml:12:13-14:85
164                android:name="com.google.firebase.components:com.google.firebase.ktx.FirebaseCommonLegacyRegistrar"
164-->[com.google.firebase:firebase-common-ktx:21.0.0] AndroidManifest.xml:13:17-116
165                android:value="com.google.firebase.components.ComponentRegistrar" />
165-->[com.google.firebase:firebase-common-ktx:21.0.0] AndroidManifest.xml:14:17-82
166            <meta-data
166-->[com.google.firebase:firebase-common:21.0.0] AndroidManifest.xml:35:13-37:85
167                android:name="com.google.firebase.components:com.google.firebase.FirebaseCommonKtxRegistrar"
167-->[com.google.firebase:firebase-common:21.0.0] AndroidManifest.xml:36:17-109
168                android:value="com.google.firebase.components.ComponentRegistrar" />
168-->[com.google.firebase:firebase-common:21.0.0] AndroidManifest.xml:37:17-82
169        </service>
170        <service
170-->[androidx.credentials:credentials-play-services-auth:1.2.0-rc01] AndroidManifest.xml:24:9-32:19
171            android:name="androidx.credentials.playservices.CredentialProviderMetadataHolder"
171-->[androidx.credentials:credentials-play-services-auth:1.2.0-rc01] AndroidManifest.xml:25:13-94
172            android:enabled="true"
172-->[androidx.credentials:credentials-play-services-auth:1.2.0-rc01] AndroidManifest.xml:26:13-35
173            android:exported="false" >
173-->[androidx.credentials:credentials-play-services-auth:1.2.0-rc01] AndroidManifest.xml:27:13-37
174            <meta-data
174-->[androidx.credentials:credentials-play-services-auth:1.2.0-rc01] AndroidManifest.xml:29:13-31:104
175                android:name="androidx.credentials.CREDENTIAL_PROVIDER_KEY"
175-->[androidx.credentials:credentials-play-services-auth:1.2.0-rc01] AndroidManifest.xml:30:17-76
176                android:value="androidx.credentials.playservices.CredentialProviderPlayServicesImpl" />
176-->[androidx.credentials:credentials-play-services-auth:1.2.0-rc01] AndroidManifest.xml:31:17-101
177        </service>
178
179        <activity
179-->[androidx.credentials:credentials-play-services-auth:1.2.0-rc01] AndroidManifest.xml:34:9-41:20
180            android:name="androidx.credentials.playservices.HiddenActivity"
180-->[androidx.credentials:credentials-play-services-auth:1.2.0-rc01] AndroidManifest.xml:35:13-76
181            android:configChanges="orientation|screenSize|screenLayout|keyboardHidden"
181-->[androidx.credentials:credentials-play-services-auth:1.2.0-rc01] AndroidManifest.xml:36:13-87
182            android:enabled="true"
182-->[androidx.credentials:credentials-play-services-auth:1.2.0-rc01] AndroidManifest.xml:37:13-35
183            android:exported="false"
183-->[androidx.credentials:credentials-play-services-auth:1.2.0-rc01] AndroidManifest.xml:38:13-37
184            android:fitsSystemWindows="true"
184-->[androidx.credentials:credentials-play-services-auth:1.2.0-rc01] AndroidManifest.xml:39:13-45
185            android:theme="@style/Theme.Hidden" >
185-->[androidx.credentials:credentials-play-services-auth:1.2.0-rc01] AndroidManifest.xml:40:13-48
186        </activity>
187        <activity
187-->[com.google.android.gms:play-services-auth:20.7.0] AndroidManifest.xml:23:9-27:75
188            android:name="com.google.android.gms.auth.api.signin.internal.SignInHubActivity"
188-->[com.google.android.gms:play-services-auth:20.7.0] AndroidManifest.xml:24:13-93
189            android:excludeFromRecents="true"
189-->[com.google.android.gms:play-services-auth:20.7.0] AndroidManifest.xml:25:13-46
190            android:exported="false"
190-->[com.google.android.gms:play-services-auth:20.7.0] AndroidManifest.xml:26:13-37
191            android:theme="@android:style/Theme.Translucent.NoTitleBar" />
191-->[com.google.android.gms:play-services-auth:20.7.0] AndroidManifest.xml:27:13-72
192        <!--
193            Service handling Google Sign-In user revocation. For apps that do not integrate with
194            Google Sign-In, this service will never be started.
195        -->
196        <service
196-->[com.google.android.gms:play-services-auth:20.7.0] AndroidManifest.xml:33:9-37:51
197            android:name="com.google.android.gms.auth.api.signin.RevocationBoundService"
197-->[com.google.android.gms:play-services-auth:20.7.0] AndroidManifest.xml:34:13-89
198            android:exported="true"
198-->[com.google.android.gms:play-services-auth:20.7.0] AndroidManifest.xml:35:13-36
199            android:permission="com.google.android.gms.auth.api.signin.permission.REVOCATION_NOTIFICATION"
199-->[com.google.android.gms:play-services-auth:20.7.0] AndroidManifest.xml:36:13-107
200            android:visibleToInstantApps="true" />
200-->[com.google.android.gms:play-services-auth:20.7.0] AndroidManifest.xml:37:13-48
201
202        <activity
202-->[com.google.android.gms:play-services-base:18.5.0] AndroidManifest.xml:5:9-173
203            android:name="com.google.android.gms.common.api.GoogleApiActivity"
203-->[com.google.android.gms:play-services-base:18.5.0] AndroidManifest.xml:5:19-85
204            android:exported="false"
204-->[com.google.android.gms:play-services-base:18.5.0] AndroidManifest.xml:5:146-170
205            android:theme="@android:style/Theme.Translucent.NoTitleBar" />
205-->[com.google.android.gms:play-services-base:18.5.0] AndroidManifest.xml:5:86-145
206
207        <provider
207-->[com.google.firebase:firebase-common:21.0.0] AndroidManifest.xml:23:9-28:39
208            android:name="com.google.firebase.provider.FirebaseInitProvider"
208-->[com.google.firebase:firebase-common:21.0.0] AndroidManifest.xml:24:13-77
209            android:authorities="cont.role.firebaseinitprovider"
209-->[com.google.firebase:firebase-common:21.0.0] AndroidManifest.xml:25:13-72
210            android:directBootAware="true"
210-->[com.google.firebase:firebase-common:21.0.0] AndroidManifest.xml:26:13-43
211            android:exported="false"
211-->[com.google.firebase:firebase-common:21.0.0] AndroidManifest.xml:27:13-37
212            android:initOrder="100" />
212-->[com.google.firebase:firebase-common:21.0.0] AndroidManifest.xml:28:13-36
213
214        <meta-data
214-->[com.google.android.gms:play-services-basement:18.4.0] AndroidManifest.xml:6:9-122
215            android:name="com.google.android.gms.version"
215-->[com.google.android.gms:play-services-basement:18.4.0] AndroidManifest.xml:6:20-65
216            android:value="@integer/google_play_services_version" />
216-->[com.google.android.gms:play-services-basement:18.4.0] AndroidManifest.xml:6:66-119
217
218        <receiver
218-->[androidx.profileinstaller:profileinstaller:1.3.0] AndroidManifest.xml:34:9-52:20
219            android:name="androidx.profileinstaller.ProfileInstallReceiver"
219-->[androidx.profileinstaller:profileinstaller:1.3.0] AndroidManifest.xml:35:13-76
220            android:directBootAware="false"
220-->[androidx.profileinstaller:profileinstaller:1.3.0] AndroidManifest.xml:36:13-44
221            android:enabled="true"
221-->[androidx.profileinstaller:profileinstaller:1.3.0] AndroidManifest.xml:37:13-35
222            android:exported="true"
222-->[androidx.profileinstaller:profileinstaller:1.3.0] AndroidManifest.xml:38:13-36
223            android:permission="android.permission.DUMP" >
223-->[androidx.profileinstaller:profileinstaller:1.3.0] AndroidManifest.xml:39:13-57
224            <intent-filter>
224-->[androidx.profileinstaller:profileinstaller:1.3.0] AndroidManifest.xml:40:13-42:29
225                <action android:name="androidx.profileinstaller.action.INSTALL_PROFILE" />
225-->[androidx.profileinstaller:profileinstaller:1.3.0] AndroidManifest.xml:41:17-91
225-->[androidx.profileinstaller:profileinstaller:1.3.0] AndroidManifest.xml:41:25-88
226            </intent-filter>
227            <intent-filter>
227-->[androidx.profileinstaller:profileinstaller:1.3.0] AndroidManifest.xml:43:13-45:29
228                <action android:name="androidx.profileinstaller.action.SKIP_FILE" />
228-->[androidx.profileinstaller:profileinstaller:1.3.0] AndroidManifest.xml:44:17-85
228-->[androidx.profileinstaller:profileinstaller:1.3.0] AndroidManifest.xml:44:25-82
229            </intent-filter>
230            <intent-filter>
230-->[androidx.profileinstaller:profileinstaller:1.3.0] AndroidManifest.xml:46:13-48:29
231                <action android:name="androidx.profileinstaller.action.SAVE_PROFILE" />
231-->[androidx.profileinstaller:profileinstaller:1.3.0] AndroidManifest.xml:47:17-88
231-->[androidx.profileinstaller:profileinstaller:1.3.0] AndroidManifest.xml:47:25-85
232            </intent-filter>
233            <intent-filter>
233-->[androidx.profileinstaller:profileinstaller:1.3.0] AndroidManifest.xml:49:13-51:29
234                <action android:name="androidx.profileinstaller.action.BENCHMARK_OPERATION" />
234-->[androidx.profileinstaller:profileinstaller:1.3.0] AndroidManifest.xml:50:17-95
234-->[androidx.profileinstaller:profileinstaller:1.3.0] AndroidManifest.xml:50:25-92
235            </intent-filter>
236        </receiver>
237    </application>
238
239</manifest>